[thememxpro.com/html/hactora/index.html]
[backblue.gif]
[fade.gif]
[index.html]
[thememxpro.com/html/hactora/css/bootstrap.css]
[thememxpro.com/html/hactora/css/magnific-popup.css]
[thememxpro.com/html/hactora/css/style.css]
[thememxpro.com/html/hactora/css/responsive.css]
[thememxpro.com/html/hactora/images/favicon.png]
[thememxpro.com/html/hactora/images/logo.png]
[thememxpro.com/html/hactora/index2.html]
[thememxpro.com/html/hactora/about.html]
[thememxpro.com/html/hactora/team.html]
[thememxpro.com/html/hactora/testimonials.html]
[thememxpro.com/html/hactora/project.html]
[thememxpro.com/html/hactora/project-details.html]
[thememxpro.com/html/hactora/faq.html]
[thememxpro.com/html/hactora/error.html]
[thememxpro.com/html/hactora/service.html]
[thememxpro.com/html/hactora/service-details.html]
[thememxpro.com/html/hactora/blog.html]
[thememxpro.com/html/hactora/blog-classic.html]
[thememxpro.com/html/hactora/blog-details.html]
[thememxpro.com/html/hactora/contact.html]
[thememxpro.com/html/hactora/images/main-slider/1.jpg]
[thememxpro.com/html/hactora/images/main-slider/2.jpg]
[thememxpro.com/html/hactora/images/about/about-2--pattern-1.png]
[thememxpro.com/html/hactora/images/about/about-2--pattern-2.png]
[thememxpro.com/html/hactora/images/about/about-page-img-1.jpg]
[thememxpro.com/html/hactora/images/about/signature-1.png]
[thememxpro.com/html/hactora/images/background/funfact-1-bg.jpg]
[thememxpro.com/html/hactora/images/service/service-1-img-1.jpg]
[thememxpro.com/html/hactora/images/service/service-1-img-2.jpg]
[thememxpro.com/html/hactora/images/service/service-1-img-3.jpg]
[thememxpro.com/html/hactora/images/team/team-1-img-1.jpg]
[thememxpro.com/html/hactora/images/team/team-1-img-2.jpg]
[thememxpro.com/html/hactora/images/team/team-1-img-3.jpg]
[thememxpro.com/html/hactora/images/team/team-1-img-4.jpg]
[thememxpro.com/html/hactora/images/resource/why-choose-2-img-1.jpg]
[thememxpro.com/html/hactora/images/background/video-sec-two-bg.jpg]
[thememxpro.com/html/hactora/images/background/project-1-bg.png]
[thememxpro.com/html/hactora/images/project/project-1-img-1.jpg]
[thememxpro.com/html/hactora/images/project/project-1-img-2.jpg]
[thememxpro.com/html/hactora/images/testimonial/testi-img-1.png]
[thememxpro.com/html/hactora/images/testimonial/testi-img-2.png]
[thememxpro.com/html/hactora/images/testimonial/testi-img-3.png]
[thememxpro.com/html/hactora/images/Blog/blog-1-img-1.jpg]
[thememxpro.com/html/hactora/images/Blog/blog-1-img-2.jpg]
[thememxpro.com/html/hactora/images/Blog/blog-1-img-3.jpg]
[thememxpro.com/html/hactora/images/brand/brand-1-1.jpg]
[thememxpro.com/html/hactora/images/brand/brand-1-2.jpg]
[thememxpro.com/html/hactora/images/brand/brand-1-3.jpg]
[thememxpro.com/html/hactora/images/brand/brand-1-4.jpg]
[thememxpro.com/html/hactora/images/brand/brand-1-5.jpg]
[thememxpro.com/html/hactora/images/footer/footer-gallery-img-1.jpg]
[thememxpro.com/html/hactora/images/footer/footer-gallery-img-2.jpg]
[thememxpro.com/html/hactora/images/footer/footer-gallery-img-3.jpg]
[thememxpro.com/html/hactora/images/footer/footer-gallery-img-4.jpg]
[thememxpro.com/html/hactora/images/footer/footer-gallery-img-5.jpg]
[thememxpro.com/html/hactora/images/footer/footer-gallery-img-6.jpg]
[thememxpro.com/html/hactora/js/popper.min.js]
[thememxpro.com/html/hactora/js/jquery.js]
[thememxpro.com/html/hactora/js/bootstrap.min.js]
[thememxpro.com/html/hactora/js/appear.js]
[thememxpro.com/html/hactora/js/jquery.countTo.js]
[thememxpro.com/html/hactora/js/isotope.js]
[thememxpro.com/html/hactora/js/owl.js]
[thememxpro.com/html/hactora/js/swiper.min.js]
[thememxpro.com/html/hactora/js/wow.js]
[thememxpro.com/html/hactora/js/jquery.fancybox.js]
[thememxpro.com/html/hactora/js/TweenMax.min.js]
[thememxpro.com/html/hactora/js/parallax.min.js]
[thememxpro.com/html/hactora/js/jquery.magnific-popup.min.js]
[thememxpro.com/html/hactora/index.html]
[thememxpro.com/html/hactora/js/custom.js]
[thememxpro.com/html/hactora/css/bootstrap.css]
[thememxpro.com/html/hactora/css/magnific-popup.css]
[thememxpro.com/html/hactora/css/flaticon.css]
[thememxpro.com/html/hactora/css/font-awesome.css]
[thememxpro.com/html/hactora/css/animate.css]
[thememxpro.com/html/hactora/css/owl.css]
[thememxpro.com/html/hactora/css/jquery.mCustomScrollbar.min.css]
[thememxpro.com/html/hactora/css/jquery.fancybox.min.css]
[thememxpro.com/html/hactora/css/swiper.min.css]
[thememxpro.com/html/hactora/css/animated-headline.css]
[thememxpro.com/html/hactora/css/style.css]
[thememxpro.com/html/hactora/css/responsive.css]
[thememxpro.com/html/hactora/images/about/about-1-img-1.jpg]
[thememxpro.com/html/hactora/images/about/ceo-founder-img-1.png]
[thememxpro.com/html/hactora/images/background/video-sec-one-bg.jpg]
[thememxpro.com/html/hactora/images/portfolio/port-1-img-1.jpg]
[thememxpro.com/html/hactora/images/portfolio/port-1-img-2.jpg]
[thememxpro.com/html/hactora/images/portfolio/port-1-img-3.jpg]
[thememxpro.com/html/hactora/images/portfolio/port-1-img-4.jpg]
[thememxpro.com/html/hactora/images/portfolio/port-1-img-5.jpg]
[thememxpro.com/html/hactora/images/portfolio/port-1-img-6.jpg]
[thememxpro.com/html/hactora/images/background/factory-solution-1-bg.jpg]
[thememxpro.com/html/hactora/index2.html]
[thememxpro.com/html/hactora/images/background/page-header-bg.jpg]
[thememxpro.com/html/hactora/images/about/about-2-img-1.jpg]
[thememxpro.com/html/hactora/images/resource/history-1-video-img-2.jpg]
[thememxpro.com/html/hactora/about.html]
[thememxpro.com/html/hactora/images/resource/history-1-video-img-1.jpg]
[thememxpro.com/html/hactora/images/team/team-page-img-1.jpg]
[thememxpro.com/html/hactora/images/team/team-page-img-2.jpg]
[thememxpro.com/html/hactora/images/team/team-page-img-3.jpg]
[thememxpro.com/html/hactora/images/team/team-page-img-4.jpg]
[thememxpro.com/html/hactora/images/team/team-page-img-5.jpg]
[thememxpro.com/html/hactora/images/team/team-page-img-6.jpg]
[thememxpro.com/html/hactora/images/team/team-page-img-7.jpg]
[thememxpro.com/html/hactora/images/team/team-page-img-8.jpg]
[thememxpro.com/html/hactora/team.html]
[thememxpro.com/html/hactora/images/testimonial/testi-3-img-1.png]
[thememxpro.com/html/hactora/images/testimonial/testi-3-img-2.png]
[thememxpro.com/html/hactora/images/testimonial/testi-3-img-3.png]
[thememxpro.com/html/hactora/images/testimonial/testi-3-img-4.png]
[thememxpro.com/html/hactora/images/testimonial/testi-3-img-5.png]
[thememxpro.com/html/hactora/images/testimonial/testi-3-img-6.png]
[thememxpro.com/html/hactora/images/testimonial/testi-3-img-7.png]
[thememxpro.com/html/hactora/images/testimonial/testi-3-img-8.png]
[thememxpro.com/html/hactora/images/testimonial/testi-3-img-9.png]
[thememxpro.com/html/hactora/testimonials.html]
[thememxpro.com/html/hactora/images/portfolio/port-1-img-7.jpg]
[thememxpro.com/html/hactora/images/portfolio/port-1-img-8.jpg]
[thememxpro.com/html/hactora/images/portfolio/port-1-img-9.jpg]
[thememxpro.com/html/hactora/project.html]
[thememxpro.com/html/hactora/images/project/project-details-img-1.jpg]
[thememxpro.com/html/hactora/images/project/project-details-benifits-img-1.jpg]
[thememxpro.com/html/hactora/images/project/project-details-benifits-img-2.jpg]
[thememxpro.com/html/hactora/project-details.html]
[thememxpro.com/html/hactora/faq.html]
[thememxpro.com/html/hactora/error.html]
[thememxpro.com/html/hactora/images/service/service-page-1-img-1.jpg]
[thememxpro.com/html/hactora/images/service/service-page-1-img-2.jpg]
[thememxpro.com/html/hactora/images/service/service-page-1-img-3.jpg]
[thememxpro.com/html/hactora/images/service/service-page-1-img-4.jpg]
[thememxpro.com/html/hactora/images/service/service-page-1-img-5.jpg]
[thememxpro.com/html/hactora/images/service/service-page-1-img-6.jpg]
[thememxpro.com/html/hactora/service.html]
[thememxpro.com/html/hactora/images/service/need-any-help-img-bg.jpg]
[thememxpro.com/html/hactora/images/service/service-details-img-1.jpg]
[thememxpro.com/html/hactora/images/service/service-details-img-2.jpg]
[thememxpro.com/html/hactora/service-details.html]
[thememxpro.com/html/hactora/images/Blog/blog-page-img-1.jpg]
[thememxpro.com/html/hactora/images/Blog/blog-page-img-2.jpg]
[thememxpro.com/html/hactora/images/Blog/blog-page-img-3.jpg]
[thememxpro.com/html/hactora/images/Blog/blog-page-img-4.jpg]
[thememxpro.com/html/hactora/images/Blog/blog-page-img-5.jpg]
[thememxpro.com/html/hactora/images/Blog/blog-page-img-6.jpg]
[thememxpro.com/html/hactora/images/Blog/blog-page-img-7.jpg]
[thememxpro.com/html/hactora/images/Blog/blog-page-img-8.jpg]
[thememxpro.com/html/hactora/images/Blog/blog-page-img-9.jpg]
[thememxpro.com/html/hactora/blog.html]
[thememxpro.com/html/hactora/images/Blog/blog-classic-img-1.jpg]
[thememxpro.com/html/hactora/images/Blog/blog-classic-img-2.jpg]
[thememxpro.com/html/hactora/images/Blog/blog-classic-img-3.jpg]
[thememxpro.com/html/hactora/images/Blog/blog-classic-img-4.jpg]
[thememxpro.com/html/hactora/images/Blog/instagram-img-1.jpg]
[thememxpro.com/html/hactora/images/Blog/instagram-img-2.jpg]
[thememxpro.com/html/hactora/images/Blog/instagram-img-3.jpg]
[thememxpro.com/html/hactora/images/Blog/instagram-img-4.jpg]
[thememxpro.com/html/hactora/images/Blog/instagram-img-5.jpg]
[thememxpro.com/html/hactora/images/Blog/instagram-img-6.jpg]
[thememxpro.com/html/hactora/blog-classic.html]
[thememxpro.com/html/hactora/images/Blog/blog-details-two-img-box-1.jpg]
[thememxpro.com/html/hactora/images/Blog/blog-details-two-img-box-2.jpg]
[thememxpro.com/html/hactora/images/Blog/author-1-1.jpg]
[thememxpro.com/html/hactora/images/Blog/comment-1-1.png]
[thememxpro.com/html/hactora/images/Blog/comment-1-2.png]
[thememxpro.com/html/hactora/blog-details.html]
[thememxpro.com/html/hactora/images/resource/contact-one-img-1.jpg]
[thememxpro.com/html/hactora/contact.html]
[thememxpro.com/html/hactora/a.html]
[thememxpro.com/html/hactora/fonts/Flaticon.eot]
[thememxpro.com/html/hactora/fonts/Flaticond41d.eot]
[thememxpro.com/html/hactora/fonts/Flaticon.woff2]
[thememxpro.com/html/hactora/fonts/Flaticon.woff]
[thememxpro.com/html/hactora/fonts/Flaticon.ttf]
[thememxpro.com/html/hactora/css/flaticon.css]
[thememxpro.com/html/hactora/fonts/fa-brands-400.woff2]
[thememxpro.com/html/hactora/fonts/fa-brands-400.eot]
[thememxpro.com/html/hactora/fonts/Flaticon.svg]
[thememxpro.com/html/hactora/fonts/fa-brands-400.woff]
[thememxpro.com/html/hactora/fonts/fa-brands-400d41d.eot]
[thememxpro.com/html/hactora/fonts/fa-brands-400.ttf]
[thememxpro.com/html/hactora/fonts/fa-light-300.woff2]
[thememxpro.com/html/hactora/fonts/fa-light-300.woff]
[thememxpro.com/html/hactora/fonts/fa-light-300.eot]
[thememxpro.com/html/hactora/fonts/fa-light-300d41d.eot]
[thememxpro.com/html/hactora/fonts/fa-brands-400.svg]
[thememxpro.com/html/hactora/fonts/fa-light-300.ttf]
[thememxpro.com/html/hactora/fonts/fa-regular-400d41d.eot]
[thememxpro.com/html/hactora/fonts/fa-regular-400.woff2]
[thememxpro.com/html/hactora/fonts/fa-regular-400.woff]
[thememxpro.com/html/hactora/fonts/fa-regular-400.eot]
[thememxpro.com/html/hactora/fonts/fa-light-300.svg]
[thememxpro.com/html/hactora/fonts/fa-regular-400.ttf]
[thememxpro.com/html/hactora/fonts/fa-solid-900.woff2]
[thememxpro.com/html/hactora/fonts/fa-solid-900.woff]
[thememxpro.com/html/hactora/fonts/fa-solid-900d41d.eot]
[thememxpro.com/html/hactora/fonts/fa-solid-900.eot]
[thememxpro.com/html/hactora/css/font-awesome.css]
[thememxpro.com/html/hactora/css/animate.css]
[thememxpro.com/html/hactora/css/owl.css]
[thememxpro.com/html/hactora/css/jquery.mCustomScrollbar.min.css]
[thememxpro.com/html/hactora/css/jquery.fancybox.min.css]
[thememxpro.com/html/hactora/css/swiper.min.css]
[thememxpro.com/html/hactora/css/animated-headline.css]
[thememxpro.com/html/hactora/images/blog/ln-1.html]
[thememxpro.com/html/hactora/images/blog/ln-2.html]
[thememxpro.com/html/hactora/images/blog/ln-3.html]
[thememxpro.com/html/hactora/fonts/Flaticon.svg]
[thememxpro.com/html/hactora/fonts/fa-brands-400.svg]
[thememxpro.com/html/hactora/fonts/fa-solid-900.ttf]
[thememxpro.com/html/hactora/fonts/fa-light-300.svg]
[thememxpro.com/html/hactora/fonts/fa-regular-400.svg]
[thememxpro.com/html/hactora/fonts/fa-solid-900.svg]
[thememxpro.com/html/hactora/fonts/fa-regular-400.svg]
[thememxpro.com/html/hactora/fonts/fa-solid-900.svg]
[thememxpro.com/html/hactora/css/owl.video.play.html]
[thememxpro.com/html/hactora/css/mCSB_buttons.html]
